{"/home/kota/BunkScanner/Code/server.js": {"path":"/home/kota/BunkScanner/Code/server.js","statementMap":{"0":{"start":{"line":14,"column":16},"end":{"line":14,"column":34}},"1":{"start":{"line":15,"column":13},"end":{"line":15,"column":28}},"2":{"start":{"line":26,"column":4},"end":{"line":26,"column":33}},"3":{"start":{"line":28,"column":12},"end":{"line":28,"column":21}},"4":{"start":{"line":30,"column":13},"end":{"line":30,"column":37}},"5":{"start":{"line":31,"column":22},"end":{"line":31,"column":27}},"6":{"start":{"line":37,"column":0},"end":{"line":37,"column":23}},"7":{"start":{"line":38,"column":0},"end":{"line":38,"column":48}},"8":{"start":{"line":39,"column":0},"end":{"line":39,"column":31}},"9":{"start":{"line":40,"column":0},"end":{"line":40,"column":53}},"10":{"start":{"line":42,"column":22},"end":{"line":42,"column":44}},"11":{"start":{"line":49,"column":16},"end":{"line":49,"column":18}},"12":{"start":{"line":52,"column":18},"end":{"line":52,"column":20}},"13":{"start":{"line":59,"column":0},"end":{"line":84,"column":3}},"14":{"start":{"line":60,"column":20},"end":{"line":60,"column":28}},"15":{"start":{"line":62,"column":4},"end":{"line":67,"column":5}},"16":{"start":{"line":63,"column":8},"end":{"line":63,"column":36}},"17":{"start":{"line":65,"column":8},"end":{"line":65,"column":77}},"18":{"start":{"line":66,"column":8},"end":{"line":66,"column":106}},"19":{"start":{"line":70,"column":4},"end":{"line":73,"column":6}},"20":{"start":{"line":76,"column":4},"end":{"line":80,"column":6}},"21":{"start":{"line":82,"column":4},"end":{"line":82,"column":83}},"22":{"start":{"line":83,"column":4},"end":{"line":83,"column":53}},"23":{"start":{"line":91,"column":0},"end":{"line":106,"column":3}},"24":{"start":{"line":93,"column":18},"end":{"line":93,"column":40}},"25":{"start":{"line":96,"column":16},"end":{"line":96,"column":26}},"26":{"start":{"line":97,"column":4},"end":{"line":99,"column":5}},"27":{"start":{"line":98,"column":8},"end":{"line":98,"column":51}},"28":{"start":{"line":101,"column":4},"end":{"line":105,"column":7}},"29":{"start":{"line":113,"column":0},"end":{"line":135,"column":3}},"30":{"start":{"line":114,"column":16},"end":{"line":114,"column":26}},"31":{"start":{"line":115,"column":20},"end":{"line":115,"column":22}},"32":{"start":{"line":117,"column":4},"end":{"line":123,"column":5}},"33":{"start":{"line":118,"column":8},"end":{"line":122,"column":10}},"34":{"start":{"line":126,"column":24},"end":{"line":126,"column":64}},"35":{"start":{"line":128,"column":4},"end":{"line":134,"column":7}},"36":{"start":{"line":142,"column":0},"end":{"line":153,"column":3}},"37":{"start":{"line":143,"column":22},"end":{"line":143,"column":32}},"38":{"start":{"line":145,"column":4},"end":{"line":147,"column":5}},"39":{"start":{"line":146,"column":8},"end":{"line":146,"column":108}},"40":{"start":{"line":151,"column":4},"end":{"line":151,"column":60}},"41":{"start":{"line":152,"column":4},"end":{"line":152,"column":49}},"42":{"start":{"line":159,"column":0},"end":{"line":159,"column":28}},"43":{"start":{"line":161,"column":0},"end":{"line":163,"column":3}},"44":{"start":{"line":162,"column":4},"end":{"line":162,"column":60}},"45":{"start":{"line":169,"column":0},"end":{"line":169,"column":28}},"46":{"start":{"line":175,"column":0},"end":{"line":191,"column":1}},"47":{"start":{"line":176,"column":4},"end":{"line":176,"column":27}},"48":{"start":{"line":178,"column":4},"end":{"line":190,"column":7}},"49":{"start":{"line":179,"column":8},"end":{"line":179,"column":76}},"50":{"start":{"line":180,"column":8},"end":{"line":180,"column":54}},"51":{"start":{"line":181,"column":8},"end":{"line":181,"column":42}},"52":{"start":{"line":182,"column":8},"end":{"line":182,"column":49}},"53":{"start":{"line":183,"column":8},"end":{"line":183,"column":54}},"54":{"start":{"line":184,"column":8},"end":{"line":184,"column":34}},"55":{"start":{"line":185,"column":8},"end":{"line":185,"column":77}},"56":{"start":{"line":186,"column":8},"end":{"line":186,"column":86}},"57":{"start":{"line":187,"column":8},"end":{"line":187,"column":70}},"58":{"start":{"line":188,"column":8},"end":{"line":188,"column":77}},"59":{"start":{"line":189,"column":8},"end":{"line":189,"column":54}},"60":{"start":{"line":197,"column":0},"end":{"line":197,"column":60}}},"fnMap":{"0":{"name":"(anonymous_0)","decl":{"start":{"line":59,"column":26},"end":{"line":59,"column":27}},"loc":{"start":{"line":59,"column":40},"end":{"line":84,"column":1}},"line":59},"1":{"name":"(anonymous_1)","decl":{"start":{"line":91,"column":21},"end":{"line":91,"column":22}},"loc":{"start":{"line":91,"column":36},"end":{"line":106,"column":1}},"line":91},"2":{"name":"(anonymous_2)","decl":{"start":{"line":113,"column":23},"end":{"line":113,"column":24}},"loc":{"start":{"line":113,"column":38},"end":{"line":135,"column":1}},"line":113},"3":{"name":"(anonymous_3)","decl":{"start":{"line":142,"column":38},"end":{"line":142,"column":39}},"loc":{"start":{"line":142,"column":52},"end":{"line":153,"column":1}},"line":142},"4":{"name":"(anonymous_4)","decl":{"start":{"line":161,"column":13},"end":{"line":161,"column":14}},"loc":{"start":{"line":161,"column":28},"end":{"line":163,"column":1}},"line":161},"5":{"name":"(anonymous_5)","decl":{"start":{"line":178,"column":21},"end":{"line":178,"column":22}},"loc":{"start":{"line":178,"column":27},"end":{"line":190,"column":5}},"line":178}},"branchMap":{"0":{"loc":{"start":{"line":30,"column":13},"end":{"line":30,"column":37}},"type":"binary-expr","locations":[{"start":{"line":30,"column":13},"end":{"line":30,"column":29}},{"start":{"line":30,"column":33},"end":{"line":30,"column":37}}],"line":30},"1":{"loc":{"start":{"line":66,"column":26},"end":{"line":66,"column":47}},"type":"binary-expr","locations":[{"start":{"line":66,"column":26},"end":{"line":66,"column":40}},{"start":{"line":66,"column":44},"end":{"line":66,"column":47}}],"line":66},"2":{"loc":{"start":{"line":66,"column":54},"end":{"line":66,"column":104}},"type":"cond-expr","locations":[{"start":{"line":66,"column":67},"end":{"line":66,"column":79}},{"start":{"line":66,"column":82},"end":{"line":66,"column":104}}],"line":66},"3":{"loc":{"start":{"line":78,"column":19},"end":{"line":78,"column":60}},"type":"binary-expr","locations":[{"start":{"line":78,"column":19},"end":{"line":78,"column":36}},{"start":{"line":78,"column":40},"end":{"line":78,"column":60}}],"line":78},"4":{"loc":{"start":{"line":145,"column":4},"end":{"line":147,"column":5}},"type":"if","locations":[{"start":{"line":145,"column":4},"end":{"line":147,"column":5}},{"start":{},"end":{}}],"line":145},"5":{"loc":{"start":{"line":175,"column":0},"end":{"line":191,"column":1}},"type":"if","locations":[{"start":{"line":175,"column":0},"end":{"line":191,"column":1}},{"start":{},"end":{}}],"line":175}},"s":{"0":1,"1":1,"2":1,"3":1,"4":1,"5":1,"6":1,"7":1,"8":1,"9":1,"10":1,"11":1,"12":1,"13":1,"14":50,"15":50,"16":50,"17":8,"18":8,"19":42,"20":42,"21":42,"22":42,"23":1,"24":7,"25":7,"26":7,"27":7,"28":7,"29":1,"30":4,"31":4,"32":4,"33":2,"34":4,"35":4,"36":1,"37":9,"38":9,"39":1,"40":8,"41":8,"42":1,"43":1,"44":2,"45":1,"46":1,"47":0,"48":0,"49":0,"50":0,"51":0,"52":0,"53":0,"54":0,"55":0,"56":0,"57":0,"58":0,"59":0,"60":1},"f":{"0":50,"1":7,"2":4,"3":9,"4":2,"5":0},"b":{"0":[1,1],"1":[8,0],"2":[8,0],"3":[42,3],"4":[1,8],"5":[0,1]},"_coverageSchema":"1a1c01bbd47fc00a2c39e90264f33305004495a9","hash":"33d9b13cf2505f0b0bc49fe77e35c9953342b433"}
,"/home/kota/BunkScanner/Code/lib/errorHandler.js": {"path":"/home/kota/BunkScanner/Code/lib/errorHandler.js","statementMap":{"0":{"start":{"line":16,"column":4},"end":{"line":16,"column":19}},"1":{"start":{"line":17,"column":4},"end":{"line":17,"column":38}},"2":{"start":{"line":18,"column":4},"end":{"line":18,"column":33}},"3":{"start":{"line":19,"column":4},"end":{"line":19,"column":21}},"4":{"start":{"line":20,"column":4},"end":{"line":20,"column":27}},"5":{"start":{"line":21,"column":4},"end":{"line":21,"column":46}},"6":{"start":{"line":22,"column":4},"end":{"line":22,"column":52}},"7":{"start":{"line":26,"column":4},"end":{"line":33,"column":6}},"8":{"start":{"line":39,"column":4},"end":{"line":39,"column":53}},"9":{"start":{"line":45,"column":16},"end":{"line":45,"column":78}},"10":{"start":{"line":46,"column":4},"end":{"line":46,"column":51}},"11":{"start":{"line":52,"column":4},"end":{"line":52,"column":60}},"12":{"start":{"line":58,"column":4},"end":{"line":58,"column":38}},"13":{"start":{"line":64,"column":4},"end":{"line":64,"column":45}},"14":{"start":{"line":72,"column":19},"end":{"line":72,"column":59}},"15":{"start":{"line":73,"column":21},"end":{"line":73,"column":64}},"16":{"start":{"line":76,"column":2},"end":{"line":76,"column":47}},"17":{"start":{"line":76,"column":40},"end":{"line":76,"column":47}},"18":{"start":{"line":78,"column":16},"end":{"line":84,"column":3}},"19":{"start":{"line":86,"column":17},"end":{"line":86,"column":78}},"20":{"start":{"line":88,"column":2},"end":{"line":94,"column":3}},"21":{"start":{"line":89,"column":4},"end":{"line":89,"column":84}},"22":{"start":{"line":90,"column":9},"end":{"line":94,"column":3}},"23":{"start":{"line":91,"column":4},"end":{"line":91,"column":83}},"24":{"start":{"line":93,"column":4},"end":{"line":93,"column":82}},"25":{"start":{"line":96,"column":2},"end":{"line":96,"column":15}},"26":{"start":{"line":99,"column":15},"end":{"line":104,"column":1}},"27":{"start":{"line":100,"column":29},"end":{"line":100,"column":57}},"28":{"start":{"line":101,"column":28},"end":{"line":101,"column":55}},"29":{"start":{"line":102,"column":28},"end":{"line":102,"column":55}},"30":{"start":{"line":103,"column":29},"end":{"line":103,"column":57}},"31":{"start":{"line":110,"column":20},"end":{"line":110,"column":89}},"32":{"start":{"line":113,"column":17},"end":{"line":113,"column":19}},"33":{"start":{"line":115,"column":2},"end":{"line":117,"column":3}},"34":{"start":{"line":116,"column":4},"end":{"line":116,"column":68}},"35":{"start":{"line":119,"column":2},"end":{"line":125,"column":3}},"36":{"start":{"line":120,"column":4},"end":{"line":120,"column":37}},"37":{"start":{"line":121,"column":9},"end":{"line":125,"column":3}},"38":{"start":{"line":122,"column":4},"end":{"line":122,"column":42}},"39":{"start":{"line":123,"column":9},"end":{"line":125,"column":3}},"40":{"start":{"line":124,"column":4},"end":{"line":124,"column":86}},"41":{"start":{"line":127,"column":2},"end":{"line":143,"column":3}},"42":{"start":{"line":128,"column":4},"end":{"line":128,"column":43}},"43":{"start":{"line":129,"column":9},"end":{"line":143,"column":3}},"44":{"start":{"line":130,"column":4},"end":{"line":130,"column":42}},"45":{"start":{"line":132,"column":4},"end":{"line":142,"column":7}},"46":{"start":{"line":133,"column":6},"end":{"line":135,"column":7}},"47":{"start":{"line":134,"column":8},"end":{"line":134,"column":71}},"48":{"start":{"line":136,"column":6},"end":{"line":138,"column":7}},"49":{"start":{"line":137,"column":8},"end":{"line":137,"column":75}},"50":{"start":{"line":139,"column":6},"end":{"line":141,"column":7}},"51":{"start":{"line":140,"column":8},"end":{"line":140,"column":54}},"52":{"start":{"line":145,"column":2},"end":{"line":147,"column":3}},"53":{"start":{"line":146,"column":4},"end":{"line":146,"column":46}},"54":{"start":{"line":149,"column":2},"end":{"line":151,"column":3}},"55":{"start":{"line":150,"column":4},"end":{"line":150,"column":66}},"56":{"start":{"line":158,"column":27},"end":{"line":158,"column":32}},"57":{"start":{"line":159,"column":30},"end":{"line":159,"column":36}},"58":{"start":{"line":160,"column":28},"end":{"line":160,"column":34}},"59":{"start":{"line":164,"column":4},"end":{"line":164,"column":23}},"60":{"start":{"line":165,"column":4},"end":{"line":165,"column":24}},"61":{"start":{"line":169,"column":4},"end":{"line":171,"column":5}},"62":{"start":{"line":170,"column":6},"end":{"line":170,"column":32}},"63":{"start":{"line":172,"column":4},"end":{"line":175,"column":7}},"64":{"start":{"line":177,"column":19},"end":{"line":177,"column":51}},"65":{"start":{"line":178,"column":4},"end":{"line":178,"column":82}},"66":{"start":{"line":178,"column":60},"end":{"line":178,"column":80}},"67":{"start":{"line":182,"column":20},"end":{"line":182,"column":46}},"68":{"start":{"line":183,"column":4},"end":{"line":183,"column":39}},"69":{"start":{"line":183,"column":30},"end":{"line":183,"column":39}},"70":{"start":{"line":184,"column":21},"end":{"line":184,"column":54}},"71":{"start":{"line":185,"column":4},"end":{"line":185,"column":32}},"72":{"start":{"line":185,"column":23},"end":{"line":185,"column":32}},"73":{"start":{"line":186,"column":4},"end":{"line":186,"column":47}},"74":{"start":{"line":190,"column":16},"end":{"line":190,"column":26}},"75":{"start":{"line":191,"column":21},"end":{"line":191,"column":23}},"76":{"start":{"line":193,"column":4},"end":{"line":220,"column":5}},"77":{"start":{"line":194,"column":32},"end":{"line":194,"column":53}},"78":{"start":{"line":195,"column":19},"end":{"line":195,"column":28}},"79":{"start":{"line":196,"column":18},"end":{"line":196,"column":22}},"80":{"start":{"line":198,"column":6},"end":{"line":204,"column":7}},"81":{"start":{"line":199,"column":8},"end":{"line":199,"column":28}},"82":{"start":{"line":200,"column":8},"end":{"line":200,"column":24}},"83":{"start":{"line":201,"column":13},"end":{"line":204,"column":7}},"84":{"start":{"line":202,"column":8},"end":{"line":202,"column":25}},"85":{"start":{"line":203,"column":8},"end":{"line":203,"column":23}},"86":{"start":{"line":206,"column":24},"end":{"line":206,"column":48}},"87":{"start":{"line":207,"column":6},"end":{"line":210,"column":7}},"88":{"start":{"line":208,"column":8},"end":{"line":208,"column":28}},"89":{"start":{"line":209,"column":8},"end":{"line":209,"column":23}},"90":{"start":{"line":212,"column":6},"end":{"line":219,"column":8}},"91":{"start":{"line":223,"column":4},"end":{"line":234,"column":5}},"92":{"start":{"line":224,"column":6},"end":{"line":233,"column":7}},"93":{"start":{"line":225,"column":8},"end":{"line":232,"column":10}},"94":{"start":{"line":236,"column":4},"end":{"line":236,"column":20}},"95":{"start":{"line":240,"column":4},"end":{"line":240,"column":23}},"96":{"start":{"line":241,"column":4},"end":{"line":241,"column":24}},"97":{"start":{"line":253,"column":16},"end":{"line":253,"column":26}},"98":{"start":{"line":254,"column":22},"end":{"line":254,"column":30}},"99":{"start":{"line":256,"column":2},"end":{"line":265,"column":4}},"100":{"start":{"line":257,"column":21},"end":{"line":257,"column":39}},"101":{"start":{"line":258,"column":4},"end":{"line":263,"column":7}},"102":{"start":{"line":264,"column":4},"end":{"line":264,"column":34}},"103":{"start":{"line":267,"column":2},"end":{"line":267,"column":9}},"104":{"start":{"line":274,"column":2},"end":{"line":283,"column":3}},"105":{"start":{"line":275,"column":4},"end":{"line":275,"column":58}},"106":{"start":{"line":276,"column":4},"end":{"line":282,"column":7}},"107":{"start":{"line":284,"column":2},"end":{"line":287,"column":3}},"108":{"start":{"line":285,"column":4},"end":{"line":285,"column":50}},"109":{"start":{"line":286,"column":4},"end":{"line":286,"column":69}},"110":{"start":{"line":288,"column":2},"end":{"line":288,"column":12}},"111":{"start":{"line":296,"column":2},"end":{"line":299,"column":3}},"112":{"start":{"line":297,"column":4},"end":{"line":297,"column":78}},"113":{"start":{"line":298,"column":4},"end":{"line":298,"column":57}},"114":{"start":{"line":302,"column":2},"end":{"line":305,"column":5}},"115":{"start":{"line":307,"column":2},"end":{"line":313,"column":5}},"116":{"start":{"line":320,"column":2},"end":{"line":328,"column":3}},"117":{"start":{"line":321,"column":4},"end":{"line":327,"column":7}},"118":{"start":{"line":329,"column":2},"end":{"line":329,"column":9}},"119":{"start":{"line":337,"column":2},"end":{"line":344,"column":5}},"120":{"start":{"line":338,"column":4},"end":{"line":341,"column":7}},"121":{"start":{"line":343,"column":4},"end":{"line":343,"column":44}},"122":{"start":{"line":343,"column":21},"end":{"line":343,"column":36}},"123":{"start":{"line":346,"column":2},"end":{"line":351,"column":5}},"124":{"start":{"line":347,"column":4},"end":{"line":350,"column":7}},"125":{"start":{"line":353,"column":2},"end":{"line":356,"column":5}},"126":{"start":{"line":354,"column":4},"end":{"line":354,"column":74}},"127":{"start":{"line":355,"column":4},"end":{"line":355,"column":20}},"128":{"start":{"line":358,"column":2},"end":{"line":361,"column":5}},"129":{"start":{"line":359,"column":4},"end":{"line":359,"column":62}},"130":{"start":{"line":360,"column":4},"end":{"line":360,"column":20}},"131":{"start":{"line":368,"column":0},"end":{"line":397,"column":2}}},"fnMap":{"0":{"name":"(anonymous_0)","decl":{"start":{"line":15,"column":2},"end":{"line":15,"column":3}},"loc":{"start":{"line":15,"column":57},"end":{"line":23,"column":3}},"line":15},"1":{"name":"(anonymous_1)","decl":{"start":{"line":25,"column":2},"end":{"line":25,"column":3}},"loc":{"start":{"line":25,"column":11},"end":{"line":34,"column":3}},"line":25},"2":{"name":"(anonymous_2)","decl":{"start":{"line":38,"column":2},"end":{"line":38,"column":3}},"loc":{"start":{"line":38,"column":39},"end":{"line":40,"column":3}},"line":38},"3":{"name":"(anonymous_3)","decl":{"start":{"line":44,"column":2},"end":{"line":44,"column":3}},"loc":{"start":{"line":44,"column":35},"end":{"line":47,"column":3}},"line":44},"4":{"name":"(anonymous_4)","decl":{"start":{"line":51,"column":2},"end":{"line":51,"column":3}},"loc":{"start":{"line":51,"column":46},"end":{"line":53,"column":3}},"line":51},"5":{"name":"(anonymous_5)","decl":{"start":{"line":57,"column":2},"end":{"line":57,"column":3}},"loc":{"start":{"line":57,"column":45},"end":{"line":59,"column":3}},"line":57},"6":{"name":"(anonymous_6)","decl":{"start":{"line":63,"column":2},"end":{"line":63,"column":3}},"loc":{"start":{"line":63,"column":45},"end":{"line":65,"column":3}},"line":63},"7":{"name":"log","decl":{"start":{"line":75,"column":9},"end":{"line":75,"column":12}},"loc":{"start":{"line":75,"column":50},"end":{"line":97,"column":1}},"line":75},"8":{"name":"(anonymous_8)","decl":{"start":{"line":100,"column":9},"end":{"line":100,"column":10}},"loc":{"start":{"line":100,"column":29},"end":{"line":100,"column":57}},"line":100},"9":{"name":"(anonymous_9)","decl":{"start":{"line":101,"column":8},"end":{"line":101,"column":9}},"loc":{"start":{"line":101,"column":28},"end":{"line":101,"column":55}},"line":101},"10":{"name":"(anonymous_10)","decl":{"start":{"line":102,"column":8},"end":{"line":102,"column":9}},"loc":{"start":{"line":102,"column":28},"end":{"line":102,"column":55}},"line":102},"11":{"name":"(anonymous_11)","decl":{"start":{"line":103,"column":9},"end":{"line":103,"column":10}},"loc":{"start":{"line":103,"column":29},"end":{"line":103,"column":57}},"line":103},"12":{"name":"validateBusPayload","decl":{"start":{"line":112,"column":9},"end":{"line":112,"column":27}},"loc":{"start":{"line":112,"column":37},"end":{"line":152,"column":1}},"line":112},"13":{"name":"(anonymous_13)","decl":{"start":{"line":132,"column":26},"end":{"line":132,"column":27}},"loc":{"start":{"line":132,"column":39},"end":{"line":142,"column":5}},"line":132},"14":{"name":"(anonymous_14)","decl":{"start":{"line":163,"column":2},"end":{"line":163,"column":3}},"loc":{"start":{"line":163,"column":16},"end":{"line":166,"column":3}},"line":163},"15":{"name":"(anonymous_15)","decl":{"start":{"line":168,"column":2},"end":{"line":168,"column":3}},"loc":{"start":{"line":168,"column":28},"end":{"line":179,"column":3}},"line":168},"16":{"name":"(anonymous_16)","decl":{"start":{"line":178,"column":55},"end":{"line":178,"column":56}},"loc":{"start":{"line":178,"column":60},"end":{"line":178,"column":80}},"line":178},"17":{"name":"(anonymous_17)","decl":{"start":{"line":181,"column":2},"end":{"line":181,"column":3}},"loc":{"start":{"line":181,"column":22},"end":{"line":187,"column":3}},"line":181},"18":{"name":"(anonymous_18)","decl":{"start":{"line":189,"column":2},"end":{"line":189,"column":3}},"loc":{"start":{"line":189,"column":29},"end":{"line":237,"column":3}},"line":189},"19":{"name":"(anonymous_19)","decl":{"start":{"line":239,"column":2},"end":{"line":239,"column":3}},"loc":{"start":{"line":239,"column":10},"end":{"line":242,"column":3}},"line":239},"20":{"name":"requestLogger","decl":{"start":{"line":252,"column":9},"end":{"line":252,"column":22}},"loc":{"start":{"line":252,"column":40},"end":{"line":268,"column":1}},"line":252},"21":{"name":"(anonymous_21)","decl":{"start":{"line":256,"column":13},"end":{"line":256,"column":14}},"loc":{"start":{"line":256,"column":32},"end":{"line":265,"column":3}},"line":256},"22":{"name":"jsonParseErrorHandler","decl":{"start":{"line":273,"column":9},"end":{"line":273,"column":30}},"loc":{"start":{"line":273,"column":53},"end":{"line":289,"column":1}},"line":273},"23":{"name":"globalErrorHandler","decl":{"start":{"line":295,"column":9},"end":{"line":295,"column":27}},"loc":{"start":{"line":295,"column":51},"end":{"line":314,"column":1}},"line":295},"24":{"name":"apiNotFoundHandler","decl":{"start":{"line":319,"column":9},"end":{"line":319,"column":27}},"loc":{"start":{"line":319,"column":44},"end":{"line":330,"column":1}},"line":319},"25":{"name":"setupProcessHandlers","decl":{"start":{"line":336,"column":9},"end":{"line":336,"column":29}},"loc":{"start":{"line":336,"column":32},"end":{"line":362,"column":1}},"line":336},"26":{"name":"(anonymous_26)","decl":{"start":{"line":337,"column":34},"end":{"line":337,"column":35}},"loc":{"start":{"line":337,"column":43},"end":{"line":344,"column":3}},"line":337},"27":{"name":"(anonymous_27)","decl":{"start":{"line":343,"column":15},"end":{"line":343,"column":16}},"loc":{"start":{"line":343,"column":21},"end":{"line":343,"column":36}},"line":343},"28":{"name":"(anonymous_28)","decl":{"start":{"line":346,"column":35},"end":{"line":346,"column":36}},"loc":{"start":{"line":346,"column":47},"end":{"line":351,"column":3}},"line":346},"29":{"name":"(anonymous_29)","decl":{"start":{"line":353,"column":24},"end":{"line":353,"column":25}},"loc":{"start":{"line":353,"column":30},"end":{"line":356,"column":3}},"line":353},"30":{"name":"(anonymous_30)","decl":{"start":{"line":358,"column":23},"end":{"line":358,"column":24}},"loc":{"start":{"line":358,"column":29},"end":{"line":361,"column":3}},"line":358}},"branchMap":{"0":{"loc":{"start":{"line":15,"column":41},"end":{"line":15,"column":55}},"type":"default-arg","locations":[{"start":{"line":15,"column":51},"end":{"line":15,"column":55}}],"line":15},"1":{"loc":{"start":{"line":30,"column":12},"end":{"line":30,"column":53}},"type":"binary-expr","locations":[{"start":{"line":30,"column":12},"end":{"line":30,"column":24}},{"start":{"line":30,"column":28},"end":{"line":30,"column":53}}],"line":30},"2":{"loc":{"start":{"line":38,"column":23},"end":{"line":38,"column":37}},"type":"default-arg","locations":[{"start":{"line":38,"column":33},"end":{"line":38,"column":37}}],"line":38},"3":{"loc":{"start":{"line":44,"column":24},"end":{"line":44,"column":33}},"type":"default-arg","locations":[{"start":{"line":44,"column":29},"end":{"line":44,"column":33}}],"line":44},"4":{"loc":{"start":{"line":45,"column":16},"end":{"line":45,"column":78}},"type":"cond-expr","locations":[{"start":{"line":45,"column":21},"end":{"line":45,"column":52}},{"start":{"line":45,"column":55},"end":{"line":45,"column":78}}],"line":45},"5":{"loc":{"start":{"line":51,"column":30},"end":{"line":51,"column":44}},"type":"default-arg","locations":[{"start":{"line":51,"column":40},"end":{"line":51,"column":44}}],"line":51},"6":{"loc":{"start":{"line":57,"column":14},"end":{"line":57,"column":43}},"type":"default-arg","locations":[{"start":{"line":57,"column":24},"end":{"line":57,"column":43}}],"line":57},"7":{"loc":{"start":{"line":63,"column":14},"end":{"line":63,"column":43}},"type":"default-arg","locations":[{"start":{"line":63,"column":24},"end":{"line":63,"column":43}}],"line":63},"8":{"loc":{"start":{"line":73,"column":32},"end":{"line":73,"column":63}},"type":"binary-expr","locations":[{"start":{"line":73,"column":32},"end":{"line":73,"column":53}},{"start":{"line":73,"column":57},"end":{"line":73,"column":63}}],"line":73},"9":{"loc":{"start":{"line":75,"column":39},"end":{"line":75,"column":48}},"type":"default-arg","locations":[{"start":{"line":75,"column":46},"end":{"line":75,"column":48}}],"line":75},"10":{"loc":{"start":{"line":76,"column":2},"end":{"line":76,"column":47}},"type":"if","locations":[{"start":{"line":76,"column":2},"end":{"line":76,"column":47}},{"start":{},"end":{}}],"line":76},"11":{"loc":{"start":{"line":83,"column":8},"end":{"line":83,"column":48}},"type":"binary-expr","locations":[{"start":{"line":83,"column":8},"end":{"line":83,"column":36}},{"start":{"line":83,"column":40},"end":{"line":83,"column":48}}],"line":83},"12":{"loc":{"start":{"line":88,"column":2},"end":{"line":94,"column":3}},"type":"if","locations":[{"start":{"line":88,"column":2},"end":{"line":94,"column":3}},{"start":{"line":90,"column":9},"end":{"line":94,"column":3}}],"line":88},"13":{"loc":{"start":{"line":89,"column":42},"end":{"line":89,"column":82}},"type":"cond-expr","locations":[{"start":{"line":89,"column":73},"end":{"line":89,"column":77}},{"start":{"line":89,"column":80},"end":{"line":89,"column":82}}],"line":89},"14":{"loc":{"start":{"line":90,"column":9},"end":{"line":94,"column":3}},"type":"if","locations":[{"start":{"line":90,"column":9},"end":{"line":94,"column":3}},{"start":{"line":92,"column":9},"end":{"line":94,"column":3}}],"line":90},"15":{"loc":{"start":{"line":91,"column":41},"end":{"line":91,"column":81}},"type":"cond-expr","locations":[{"start":{"line":91,"column":72},"end":{"line":91,"column":76}},{"start":{"line":91,"column":79},"end":{"line":91,"column":81}}],"line":91},"16":{"loc":{"start":{"line":93,"column":40},"end":{"line":93,"column":80}},"type":"cond-expr","locations":[{"start":{"line":93,"column":71},"end":{"line":93,"column":75}},{"start":{"line":93,"column":78},"end":{"line":93,"column":80}}],"line":93},"17":{"loc":{"start":{"line":115,"column":2},"end":{"line":117,"column":3}},"type":"if","locations":[{"start":{"line":115,"column":2},"end":{"line":117,"column":3}},{"start":{},"end":{}}],"line":115},"18":{"loc":{"start":{"line":115,"column":6},"end":{"line":115,"column":45}},"type":"binary-expr","locations":[{"start":{"line":115,"column":6},"end":{"line":115,"column":14}},{"start":{"line":115,"column":18},"end":{"line":115,"column":45}}],"line":115},"19":{"loc":{"start":{"line":119,"column":2},"end":{"line":125,"column":3}},"type":"if","locations":[{"start":{"line":119,"column":2},"end":{"line":125,"column":3}},{"start":{"line":121,"column":9},"end":{"line":125,"column":3}}],"line":119},"20":{"loc":{"start":{"line":121,"column":9},"end":{"line":125,"column":3}},"type":"if","locations":[{"start":{"line":121,"column":9},"end":{"line":125,"column":3}},{"start":{"line":123,"column":9},"end":{"line":125,"column":3}}],"line":121},"21":{"loc":{"start":{"line":123,"column":9},"end":{"line":125,"column":3}},"type":"if","locations":[{"start":{"line":123,"column":9},"end":{"line":125,"column":3}},{"start":{},"end":{}}],"line":123},"22":{"loc":{"start":{"line":127,"column":2},"end":{"line":143,"column":3}},"type":"if","locations":[{"start":{"line":127,"column":2},"end":{"line":143,"column":3}},{"start":{"line":129,"column":9},"end":{"line":143,"column":3}}],"line":127},"23":{"loc":{"start":{"line":129,"column":9},"end":{"line":143,"column":3}},"type":"if","locations":[{"start":{"line":129,"column":9},"end":{"line":143,"column":3}},{"start":{"line":131,"column":9},"end":{"line":143,"column":3}}],"line":129},"24":{"loc":{"start":{"line":133,"column":6},"end":{"line":135,"column":7}},"type":"if","locations":[{"start":{"line":133,"column":6},"end":{"line":135,"column":7}},{"start":{},"end":{}}],"line":133},"25":{"loc":{"start":{"line":133,"column":10},"end":{"line":133,"column":49}},"type":"binary-expr","locations":[{"start":{"line":133,"column":10},"end":{"line":133,"column":18}},{"start":{"line":133,"column":22},"end":{"line":133,"column":49}}],"line":133},"26":{"loc":{"start":{"line":136,"column":6},"end":{"line":138,"column":7}},"type":"if","locations":[{"start":{"line":136,"column":6},"end":{"line":138,"column":7}},{"start":{},"end":{}}],"line":136},"27":{"loc":{"start":{"line":136,"column":10},"end":{"line":136,"column":111}},"type":"binary-expr","locations":[{"start":{"line":136,"column":10},"end":{"line":136,"column":30}},{"start":{"line":136,"column":35},"end":{"line":136,"column":67}},{"start":{"line":136,"column":71},"end":{"line":136,"column":87}},{"start":{"line":136,"column":91},"end":{"line":136,"column":110}}],"line":136},"28":{"loc":{"start":{"line":139,"column":6},"end":{"line":141,"column":7}},"type":"if","locations":[{"start":{"line":139,"column":6},"end":{"line":141,"column":7}},{"start":{},"end":{}}],"line":139},"29":{"loc":{"start":{"line":139,"column":10},"end":{"line":139,"column":98}},"type":"binary-expr","locations":[{"start":{"line":139,"column":10},"end":{"line":139,"column":27}},{"start":{"line":139,"column":32},"end":{"line":139,"column":61}},{"start":{"line":139,"column":65},"end":{"line":139,"column":78}},{"start":{"line":139,"column":82},"end":{"line":139,"column":97}}],"line":139},"30":{"loc":{"start":{"line":145,"column":2},"end":{"line":147,"column":3}},"type":"if","locations":[{"start":{"line":145,"column":2},"end":{"line":147,"column":3}},{"start":{},"end":{}}],"line":145},"31":{"loc":{"start":{"line":145,"column":6},"end":{"line":145,"column":72}},"type":"binary-expr","locations":[{"start":{"line":145,"column":6},"end":{"line":145,"column":31}},{"start":{"line":145,"column":35},"end":{"line":145,"column":72}}],"line":145},"32":{"loc":{"start":{"line":149,"column":2},"end":{"line":151,"column":3}},"type":"if","locations":[{"start":{"line":149,"column":2},"end":{"line":151,"column":3}},{"start":{},"end":{}}],"line":149},"33":{"loc":{"start":{"line":169,"column":4},"end":{"line":171,"column":5}},"type":"if","locations":[{"start":{"line":169,"column":4},"end":{"line":171,"column":5}},{"start":{},"end":{}}],"line":169},"34":{"loc":{"start":{"line":174,"column":13},"end":{"line":174,"column":43}},"type":"binary-expr","locations":[{"start":{"line":174,"column":13},"end":{"line":174,"column":26}},{"start":{"line":174,"column":30},"end":{"line":174,"column":43}}],"line":174},"35":{"loc":{"start":{"line":182,"column":20},"end":{"line":182,"column":46}},"type":"binary-expr","locations":[{"start":{"line":182,"column":20},"end":{"line":182,"column":40}},{"start":{"line":182,"column":44},"end":{"line":182,"column":46}}],"line":182},"36":{"loc":{"start":{"line":183,"column":4},"end":{"line":183,"column":39}},"type":"if","locations":[{"start":{"line":183,"column":4},"end":{"line":183,"column":39}},{"start":{},"end":{}}],"line":183},"37":{"loc":{"start":{"line":185,"column":4},"end":{"line":185,"column":32}},"type":"if","locations":[{"start":{"line":185,"column":4},"end":{"line":185,"column":32}},{"start":{},"end":{}}],"line":185},"38":{"loc":{"start":{"line":198,"column":6},"end":{"line":204,"column":7}},"type":"if","locations":[{"start":{"line":198,"column":6},"end":{"line":204,"column":7}},{"start":{"line":201,"column":13},"end":{"line":204,"column":7}}],"line":198},"39":{"loc":{"start":{"line":201,"column":13},"end":{"line":204,"column":7}},"type":"if","locations":[{"start":{"line":201,"column":13},"end":{"line":204,"column":7}},{"start":{},"end":{}}],"line":201},"40":{"loc":{"start":{"line":207,"column":6},"end":{"line":210,"column":7}},"type":"if","locations":[{"start":{"line":207,"column":6},"end":{"line":210,"column":7}},{"start":{},"end":{}}],"line":207},"41":{"loc":{"start":{"line":218,"column":23},"end":{"line":218,"column":49}},"type":"binary-expr","locations":[{"start":{"line":218,"column":23},"end":{"line":218,"column":43}},{"start":{"line":218,"column":47},"end":{"line":218,"column":49}}],"line":218},"42":{"loc":{"start":{"line":224,"column":6},"end":{"line":233,"column":7}},"type":"if","locations":[{"start":{"line":224,"column":6},"end":{"line":233,"column":7}},{"start":{},"end":{}}],"line":224},"43":{"loc":{"start":{"line":274,"column":2},"end":{"line":283,"column":3}},"type":"if","locations":[{"start":{"line":274,"column":2},"end":{"line":283,"column":3}},{"start":{},"end":{}}],"line":274},"44":{"loc":{"start":{"line":284,"column":2},"end":{"line":287,"column":3}},"type":"if","locations":[{"start":{"line":284,"column":2},"end":{"line":287,"column":3}},{"start":{},"end":{}}],"line":284},"45":{"loc":{"start":{"line":296,"column":2},"end":{"line":299,"column":3}},"type":"if","locations":[{"start":{"line":296,"column":2},"end":{"line":299,"column":3}},{"start":{},"end":{}}],"line":296},"46":{"loc":{"start":{"line":320,"column":2},"end":{"line":328,"column":3}},"type":"if","locations":[{"start":{"line":320,"column":2},"end":{"line":328,"column":3}},{"start":{},"end":{}}],"line":320},"47":{"loc":{"start":{"line":348,"column":14},"end":{"line":348,"column":71}},"type":"cond-expr","locations":[{"start":{"line":348,"column":40},"end":{"line":348,"column":54}},{"start":{"line":348,"column":57},"end":{"line":348,"column":71}}],"line":348},"48":{"loc":{"start":{"line":349,"column":13},"end":{"line":349,"column":63}},"type":"cond-expr","locations":[{"start":{"line":349,"column":39},"end":{"line":349,"column":51}},{"start":{"line":349,"column":54},"end":{"line":349,"column":63}}],"line":349}},"s":{"0":36,"1":36,"2":36,"3":36,"4":36,"5":36,"6":36,"7":12,"8":26,"9":2,"10":2,"11":1,"12":1,"13":2,"14":2,"15":2,"16":148,"17":1,"18":147,"19":147,"20":147,"21":5,"22":142,"23":13,"24":129,"25":147,"26":2,"27":5,"28":13,"29":129,"30":1,"31":2,"32":74,"33":74,"34":2,"35":72,"36":5,"37":67,"38":1,"39":66,"40":3,"41":72,"42":4,"43":68,"44":2,"45":66,"46":217,"47":2,"48":217,"49":4,"50":217,"51":3,"52":72,"53":1,"54":72,"55":21,"56":2,"57":2,"58":2,"59":12,"60":12,"61":4,"62":2,"63":4,"64":4,"65":4,"66":7,"67":8,"68":8,"69":6,"70":2,"71":2,"72":0,"73":2,"74":10,"75":10,"76":10,"77":6,"78":6,"79":6,"80":6,"81":1,"82":1,"83":5,"84":2,"85":2,"86":6,"87":6,"88":1,"89":1,"90":6,"91":10,"92":70,"93":64,"94":10,"95":1,"96":1,"97":76,"98":76,"99":76,"100":76,"101":76,"102":76,"103":76,"104":4,"105":2,"106":2,"107":2,"108":1,"109":1,"110":1,"111":2,"112":1,"113":1,"114":1,"115":1,"116":6,"117":3,"118":3,"119":6,"120":1,"121":1,"122":1,"123":6,"124":2,"125":6,"126":1,"127":1,"128":6,"129":1,"130":1,"131":2},"f":{"0":36,"1":12,"2":26,"3":2,"4":1,"5":1,"6":2,"7":148,"8":5,"9":13,"10":129,"11":1,"12":74,"13":217,"14":12,"15":4,"16":7,"17":8,"18":10,"19":1,"20":76,"21":76,"22":4,"23":2,"24":6,"25":6,"26":1,"27":1,"28":2,"29":1,"30":1},"b":{"0":[5],"1":[12,10],"2":[3],"3":[1],"4":[1,1],"5":[1],"6":[1],"7":[2],"8":[2,2],"9":[65],"10":[1,147],"11":[147,82],"12":[5,142],"13":[4,1],"14":[13,129],"15":[1,12],"16":[77,52],"17":[2,72],"18":[74,73],"19":[5,67],"20":[1,66],"21":[3,63],"22":[4,68],"23":[2,66],"24":[2,215],"25":[217,215],"26":[4,213],"27":[217,213,213,211],"28":[3,214],"29":[217,213,213,213],"30":[1,71],"31":[72,42],"32":[21,51],"33":[2,2],"34":[4,0],"35":[8,6],"36":[6,2],"37":[0,2],"38":[1,5],"39":[2,3],"40":[1,5],"41":[6,5],"42":[64,6],"43":[2,2],"44":[1,1],"45":[1,1],"46":[3,3],"47":[1,1],"48":[1,1]},"_coverageSchema":"1a1c01bbd47fc00a2c39e90264f33305004495a9","hash":"5bb08211321dae60c0ee53df304f25929c3a13be"}
}
