TN:
SF:Code/server.js
FN:59,(anonymous_0)
FN:91,(anonymous_1)
FN:113,(anonymous_2)
FN:142,(anonymous_3)
FN:161,(anonymous_4)
FN:178,(anonymous_5)
FNF:6
FNH:5
FNDA:50,(anonymous_0)
FNDA:7,(anonymous_1)
FNDA:4,(anonymous_2)
FNDA:9,(anonymous_3)
FNDA:2,(anonymous_4)
FNDA:0,(anonymous_5)
DA:14,1
DA:15,1
DA:26,1
DA:28,1
DA:30,1
DA:31,1
DA:37,1
DA:38,1
DA:39,1
DA:40,1
DA:42,1
DA:49,1
DA:52,1
DA:59,1
DA:60,50
DA:62,50
DA:63,50
DA:65,8
DA:66,8
DA:70,42
DA:76,42
DA:82,42
DA:83,42
DA:91,1
DA:93,7
DA:96,7
DA:97,7
DA:98,7
DA:101,7
DA:113,1
DA:114,4
DA:115,4
DA:117,4
DA:118,2
DA:126,4
DA:128,4
DA:142,1
DA:143,9
DA:145,9
DA:146,1
DA:151,8
DA:152,8
DA:159,1
DA:161,1
DA:162,2
DA:169,1
DA:175,1
DA:176,0
DA:178,0
DA:179,0
DA:180,0
DA:181,0
DA:182,0
DA:183,0
DA:184,0
DA:185,0
DA:186,0
DA:187,0
DA:188,0
DA:189,0
DA:197,1
LF:61
LH:48
BRDA:30,0,0,1
BRDA:30,0,1,1
BRDA:66,1,0,8
BRDA:66,1,1,0
BRDA:66,2,0,8
BRDA:66,2,1,0
BRDA:78,3,0,42
BRDA:78,3,1,3
BRDA:145,4,0,1
BRDA:145,4,1,8
BRDA:175,5,0,0
BRDA:175,5,1,1
BRF:12
BRH:9
end_of_record
TN:
SF:Code/lib/errorHandler.js
FN:15,(anonymous_0)
FN:25,(anonymous_1)
FN:38,(anonymous_2)
FN:44,(anonymous_3)
FN:51,(anonymous_4)
FN:57,(anonymous_5)
FN:63,(anonymous_6)
FN:75,log
FN:100,(anonymous_8)
FN:101,(anonymous_9)
FN:102,(anonymous_10)
FN:103,(anonymous_11)
FN:112,validateBusPayload
FN:132,(anonymous_13)
FN:163,(anonymous_14)
FN:168,(anonymous_15)
FN:178,(anonymous_16)
FN:181,(anonymous_17)
FN:189,(anonymous_18)
FN:239,(anonymous_19)
FN:252,requestLogger
FN:256,(anonymous_21)
FN:273,jsonParseErrorHandler
FN:295,globalErrorHandler
FN:319,apiNotFoundHandler
FN:336,setupProcessHandlers
FN:337,(anonymous_26)
FN:343,(anonymous_27)
FN:346,(anonymous_28)
FN:353,(anonymous_29)
FN:358,(anonymous_30)
FNF:31
FNH:31
FNDA:36,(anonymous_0)
FNDA:12,(anonymous_1)
FNDA:26,(anonymous_2)
FNDA:2,(anonymous_3)
FNDA:1,(anonymous_4)
FNDA:1,(anonymous_5)
FNDA:2,(anonymous_6)
FNDA:148,log
FNDA:5,(anonymous_8)
FNDA:13,(anonymous_9)
FNDA:129,(anonymous_10)
FNDA:1,(anonymous_11)
FNDA:74,validateBusPayload
FNDA:217,(anonymous_13)
FNDA:12,(anonymous_14)
FNDA:4,(anonymous_15)
FNDA:7,(anonymous_16)
FNDA:8,(anonymous_17)
FNDA:10,(anonymous_18)
FNDA:1,(anonymous_19)
FNDA:76,requestLogger
FNDA:76,(anonymous_21)
FNDA:4,jsonParseErrorHandler
FNDA:2,globalErrorHandler
FNDA:6,apiNotFoundHandler
FNDA:6,setupProcessHandlers
FNDA:1,(anonymous_26)
FNDA:1,(anonymous_27)
FNDA:2,(anonymous_28)
FNDA:1,(anonymous_29)
FNDA:1,(anonymous_30)
DA:16,36
DA:17,36
DA:18,36
DA:19,36
DA:20,36
DA:21,36
DA:22,36
DA:26,12
DA:39,26
DA:45,2
DA:46,2
DA:52,1
DA:58,1
DA:64,2
DA:72,2
DA:73,2
DA:76,148
DA:78,147
DA:86,147
DA:88,147
DA:89,5
DA:90,142
DA:91,13
DA:93,129
DA:96,147
DA:99,2
DA:100,5
DA:101,13
DA:102,129
DA:103,1
DA:110,2
DA:113,74
DA:115,74
DA:116,2
DA:119,72
DA:120,5
DA:121,67
DA:122,1
DA:123,66
DA:124,3
DA:127,72
DA:128,4
DA:129,68
DA:130,2
DA:132,66
DA:133,217
DA:134,2
DA:136,217
DA:137,4
DA:139,217
DA:140,3
DA:145,72
DA:146,1
DA:149,72
DA:150,21
DA:158,2
DA:159,2
DA:160,2
DA:164,12
DA:165,12
DA:169,4
DA:170,2
DA:172,4
DA:177,4
DA:178,7
DA:182,8
DA:183,8
DA:184,2
DA:185,2
DA:186,2
DA:190,10
DA:191,10
DA:193,10
DA:194,6
DA:195,6
DA:196,6
DA:198,6
DA:199,1
DA:200,1
DA:201,5
DA:202,2
DA:203,2
DA:206,6
DA:207,6
DA:208,1
DA:209,1
DA:212,6
DA:223,10
DA:224,70
DA:225,64
DA:236,10
DA:240,1
DA:241,1
DA:253,76
DA:254,76
DA:256,76
DA:257,76
DA:258,76
DA:264,76
DA:267,76
DA:274,4
DA:275,2
DA:276,2
DA:284,2
DA:285,1
DA:286,1
DA:288,1
DA:296,2
DA:297,1
DA:298,1
DA:302,1
DA:307,1
DA:320,6
DA:321,3
DA:329,3
DA:337,6
DA:338,1
DA:343,1
DA:346,6
DA:347,2
DA:353,6
DA:354,1
DA:355,1
DA:358,6
DA:359,1
DA:360,1
DA:368,2
LF:127
LH:127
BRDA:15,0,0,5
BRDA:30,1,0,12
BRDA:30,1,1,10
BRDA:38,2,0,3
BRDA:44,3,0,1
BRDA:45,4,0,1
BRDA:45,4,1,1
BRDA:51,5,0,1
BRDA:57,6,0,1
BRDA:63,7,0,2
BRDA:73,8,0,2
BRDA:73,8,1,2
BRDA:75,9,0,65
BRDA:76,10,0,1
BRDA:76,10,1,147
BRDA:83,11,0,147
BRDA:83,11,1,82
BRDA:88,12,0,5
BRDA:88,12,1,142
BRDA:89,13,0,4
BRDA:89,13,1,1
BRDA:90,14,0,13
BRDA:90,14,1,129
BRDA:91,15,0,1
BRDA:91,15,1,12
BRDA:93,16,0,77
BRDA:93,16,1,52
BRDA:115,17,0,2
BRDA:115,17,1,72
BRDA:115,18,0,74
BRDA:115,18,1,73
BRDA:119,19,0,5
BRDA:119,19,1,67
BRDA:121,20,0,1
BRDA:121,20,1,66
BRDA:123,21,0,3
BRDA:123,21,1,63
BRDA:127,22,0,4
BRDA:127,22,1,68
BRDA:129,23,0,2
BRDA:129,23,1,66
BRDA:133,24,0,2
BRDA:133,24,1,215
BRDA:133,25,0,217
BRDA:133,25,1,215
BRDA:136,26,0,4
BRDA:136,26,1,213
BRDA:136,27,0,217
BRDA:136,27,1,213
BRDA:136,27,2,213
BRDA:136,27,3,211
BRDA:139,28,0,3
BRDA:139,28,1,214
BRDA:139,29,0,217
BRDA:139,29,1,213
BRDA:139,29,2,213
BRDA:139,29,3,213
BRDA:145,30,0,1
BRDA:145,30,1,71
BRDA:145,31,0,72
BRDA:145,31,1,42
BRDA:149,32,0,21
BRDA:149,32,1,51
BRDA:169,33,0,2
BRDA:169,33,1,2
BRDA:174,34,0,4
BRDA:174,34,1,0
BRDA:182,35,0,8
BRDA:182,35,1,6
BRDA:183,36,0,6
BRDA:183,36,1,2
BRDA:185,37,0,0
BRDA:185,37,1,2
BRDA:198,38,0,1
BRDA:198,38,1,5
BRDA:201,39,0,2
BRDA:201,39,1,3
BRDA:207,40,0,1
BRDA:207,40,1,5
BRDA:218,41,0,6
BRDA:218,41,1,5
BRDA:224,42,0,64
BRDA:224,42,1,6
BRDA:274,43,0,2
BRDA:274,43,1,2
BRDA:284,44,0,1
BRDA:284,44,1,1
BRDA:296,45,0,1
BRDA:296,45,1,1
BRDA:320,46,0,3
BRDA:320,46,1,3
BRDA:348,47,0,1
BRDA:348,47,1,1
BRDA:349,48,0,1
BRDA:349,48,1,1
BRF:95
BRH:93
end_of_record
