TN:
SF:server.js
FN:59,(anonymous_0)
FN:91,(anonymous_1)
FN:113,(anonymous_2)
FN:142,(anonymous_3)
FN:161,(anonymous_4)
FN:178,(anonymous_5)
FNF:6
FNH:4
FNDA:50,(anonymous_0)
FNDA:7,(anonymous_1)
FNDA:4,(anonymous_2)
FNDA:9,(anonymous_3)
FNDA:0,(anonymous_4)
FNDA:0,(anonymous_5)
DA:14,1
DA:15,1
DA:26,1
DA:28,1
DA:30,1
DA:31,1
DA:37,1
DA:38,1
DA:39,1
DA:40,1
DA:42,1
DA:49,1
DA:52,1
DA:59,1
DA:60,50
DA:62,50
DA:63,50
DA:65,8
DA:66,8
DA:70,42
DA:76,42
DA:82,42
DA:83,42
DA:91,1
DA:93,7
DA:96,7
DA:97,7
DA:98,7
DA:101,7
DA:113,1
DA:114,4
DA:115,4
DA:117,4
DA:118,2
DA:126,4
DA:128,4
DA:142,1
DA:143,9
DA:145,9
DA:146,1
DA:151,8
DA:152,8
DA:159,1
DA:161,1
DA:162,0
DA:169,1
DA:175,1
DA:176,0
DA:178,0
DA:179,0
DA:180,0
DA:181,0
DA:182,0
DA:183,0
DA:184,0
DA:185,0
DA:186,0
DA:187,0
DA:188,0
DA:189,0
DA:197,1
LF:61
LH:47
BRDA:30,0,0,1
BRDA:30,0,1,1
BRDA:66,1,0,8
BRDA:66,1,1,0
BRDA:66,2,0,8
BRDA:66,2,1,0
BRDA:78,3,0,42
BRDA:78,3,1,3
BRDA:145,4,0,1
BRDA:145,4,1,8
BRDA:175,5,0,0
BRDA:175,5,1,1
BRF:12
BRH:9
end_of_record
TN:
SF:lib/errorHandler.js
FN:15,(anonymous_0)
FN:25,(anonymous_1)
FN:38,(anonymous_2)
FN:44,(anonymous_3)
FN:51,(anonymous_4)
FN:57,(anonymous_5)
FN:63,(anonymous_6)
FN:75,log
FN:100,(anonymous_8)
FN:101,(anonymous_9)
FN:102,(anonymous_10)
FN:103,(anonymous_11)
FN:112,validateBusPayload
FN:132,(anonymous_13)
FN:163,(anonymous_14)
FN:168,(anonymous_15)
FN:178,(anonymous_16)
FN:181,(anonymous_17)
FN:189,(anonymous_18)
FN:239,(anonymous_19)
FN:252,requestLogger
FN:256,(anonymous_21)
FN:273,jsonParseErrorHandler
FN:295,globalErrorHandler
FN:319,apiNotFoundHandler
FN:336,setupProcessHandlers
FN:337,(anonymous_26)
FN:343,(anonymous_27)
FN:346,(anonymous_28)
FN:353,(anonymous_29)
FN:358,(anonymous_30)
FNF:31
FNH:23
FNDA:34,(anonymous_0)
FNDA:10,(anonymous_1)
FNDA:25,(anonymous_2)
FNDA:2,(anonymous_3)
FNDA:1,(anonymous_4)
FNDA:1,(anonymous_5)
FNDA:1,(anonymous_6)
FNDA:135,log
FNDA:1,(anonymous_8)
FNDA:10,(anonymous_9)
FNDA:124,(anonymous_10)
FNDA:0,(anonymous_11)
FNDA:74,validateBusPayload
FNDA:217,(anonymous_13)
FNDA:11,(anonymous_14)
FNDA:4,(anonymous_15)
FNDA:7,(anonymous_16)
FNDA:7,(anonymous_17)
FNDA:9,(anonymous_18)
FNDA:1,(anonymous_19)
FNDA:73,requestLogger
FNDA:73,(anonymous_21)
FNDA:1,jsonParseErrorHandler
FNDA:0,globalErrorHandler
FNDA:2,apiNotFoundHandler
FNDA:0,setupProcessHandlers
FNDA:0,(anonymous_26)
FNDA:0,(anonymous_27)
FNDA:0,(anonymous_28)
FNDA:0,(anonymous_29)
FNDA:0,(anonymous_30)
DA:16,34
DA:17,34
DA:18,34
DA:19,34
DA:20,34
DA:21,34
DA:22,34
DA:26,10
DA:39,25
DA:45,2
DA:46,2
DA:52,1
DA:58,1
DA:64,1
DA:72,2
DA:73,2
DA:76,135
DA:78,135
DA:86,135
DA:88,135
DA:89,1
DA:90,134
DA:91,10
DA:93,124
DA:96,135
DA:99,2
DA:100,1
DA:101,10
DA:102,124
DA:103,0
DA:110,2
DA:113,74
DA:115,74
DA:116,2
DA:119,72
DA:120,5
DA:121,67
DA:122,1
DA:123,66
DA:124,3
DA:127,72
DA:128,4
DA:129,68
DA:130,2
DA:132,66
DA:133,217
DA:134,2
DA:136,217
DA:137,4
DA:139,217
DA:140,3
DA:145,72
DA:146,1
DA:149,72
DA:150,21
DA:158,2
DA:159,2
DA:160,2
DA:164,11
DA:165,11
DA:169,4
DA:170,2
DA:172,4
DA:177,4
DA:178,7
DA:182,7
DA:183,7
DA:184,1
DA:185,1
DA:186,1
DA:190,9
DA:191,9
DA:193,9
DA:194,5
DA:195,5
DA:196,5
DA:198,5
DA:199,1
DA:200,1
DA:201,4
DA:202,2
DA:203,2
DA:206,5
DA:207,5
DA:208,0
DA:209,0
DA:212,5
DA:223,9
DA:224,63
DA:225,58
DA:236,9
DA:240,1
DA:241,1
DA:253,73
DA:254,73
DA:256,73
DA:257,73
DA:258,73
DA:264,73
DA:267,73
DA:274,1
DA:275,1
DA:276,1
DA:284,0
DA:285,0
DA:286,0
DA:288,0
DA:296,0
DA:297,0
DA:298,0
DA:302,0
DA:307,0
DA:320,2
DA:321,2
DA:329,0
DA:337,0
DA:338,0
DA:343,0
DA:346,0
DA:347,0
DA:353,0
DA:354,0
DA:355,0
DA:358,0
DA:359,0
DA:360,0
DA:368,2
LF:127
LH:103
BRDA:15,0,0,4
BRDA:30,1,0,10
BRDA:30,1,1,9
BRDA:38,2,0,3
BRDA:44,3,0,1
BRDA:45,4,0,1
BRDA:45,4,1,1
BRDA:51,5,0,1
BRDA:57,6,0,1
BRDA:63,7,0,1
BRDA:73,8,0,2
BRDA:73,8,1,2
BRDA:75,9,0,61
BRDA:76,10,0,0
BRDA:76,10,1,135
BRDA:83,11,0,135
BRDA:83,11,1,74
BRDA:88,12,0,1
BRDA:88,12,1,134
BRDA:89,13,0,0
BRDA:89,13,1,1
BRDA:90,14,0,10
BRDA:90,14,1,124
BRDA:91,15,0,0
BRDA:91,15,1,10
BRDA:93,16,0,74
BRDA:93,16,1,50
BRDA:115,17,0,2
BRDA:115,17,1,72
BRDA:115,18,0,74
BRDA:115,18,1,73
BRDA:119,19,0,5
BRDA:119,19,1,67
BRDA:121,20,0,1
BRDA:121,20,1,66
BRDA:123,21,0,3
BRDA:123,21,1,63
BRDA:127,22,0,4
BRDA:127,22,1,68
BRDA:129,23,0,2
BRDA:129,23,1,66
BRDA:133,24,0,2
BRDA:133,24,1,215
BRDA:133,25,0,217
BRDA:133,25,1,215
BRDA:136,26,0,4
BRDA:136,26,1,213
BRDA:136,27,0,217
BRDA:136,27,1,213
BRDA:136,27,2,213
BRDA:136,27,3,211
BRDA:139,28,0,3
BRDA:139,28,1,214
BRDA:139,29,0,217
BRDA:139,29,1,213
BRDA:139,29,2,213
BRDA:139,29,3,213
BRDA:145,30,0,1
BRDA:145,30,1,71
BRDA:145,31,0,72
BRDA:145,31,1,42
BRDA:149,32,0,21
BRDA:149,32,1,51
BRDA:169,33,0,2
BRDA:169,33,1,2
BRDA:174,34,0,4
BRDA:174,34,1,0
BRDA:182,35,0,7
BRDA:182,35,1,6
BRDA:183,36,0,6
BRDA:183,36,1,1
BRDA:185,37,0,0
BRDA:185,37,1,1
BRDA:198,38,0,1
BRDA:198,38,1,4
BRDA:201,39,0,2
BRDA:201,39,1,2
BRDA:207,40,0,0
BRDA:207,40,1,5
BRDA:218,41,0,5
BRDA:218,41,1,5
BRDA:224,42,0,58
BRDA:224,42,1,5
BRDA:274,43,0,1
BRDA:274,43,1,0
BRDA:284,44,0,0
BRDA:284,44,1,0
BRDA:296,45,0,0
BRDA:296,45,1,0
BRDA:320,46,0,2
BRDA:320,46,1,0
BRDA:348,47,0,0
BRDA:348,47,1,0
BRDA:349,48,0,0
BRDA:349,48,1,0
BRF:95
BRH:79
end_of_record
